<?xml version="1.0" encoding="UTF-8"?>
<coverage generated="1739466894119" clover="3.2.0">
  <project timestamp="1739466894119" name="All files">
    <metrics statements="61" coveredstatements="58" conditionals="44" coveredconditionals="38" methods="15" coveredmethods="15" elements="120" coveredelements="111" complexity="0" loc="61" ncloc="61" packages="2" files="7" classes="7"/>
    <package name="src">
      <metrics statements="23" coveredstatements="22" conditionals="17" coveredconditionals="15" methods="4" coveredmethods="4"/>
      <file name="buildDiff.js" path="D:\js\frontend-project-46-1\src\buildDiff.js">
        <metrics statements="10" coveredstatements="10" conditionals="10" coveredconditionals="10" methods="2" coveredmethods="2"/>
        <line num="3" count="1" type="stmt"/>
        <line num="4" count="30" type="stmt"/>
        <line num="6" count="30" type="stmt"/>
        <line num="7" count="108" type="cond" truecount="2" falsecount="0"/>
        <line num="8" count="78" type="cond" truecount="2" falsecount="0"/>
        <line num="9" count="66" type="cond" truecount="4" falsecount="0"/>
        <line num="10" count="24" type="stmt"/>
        <line num="12" count="42" type="cond" truecount="2" falsecount="0"/>
        <line num="13" count="24" type="stmt"/>
        <line num="15" count="18" type="stmt"/>
      </file>
      <file name="index.js" path="D:\js\frontend-project-46-1\src\index.js">
        <metrics statements="5" coveredstatements="5" conditionals="1" coveredconditionals="1" methods="1" coveredmethods="1"/>
        <line num="5" count="1" type="cond" truecount="1" falsecount="0"/>
        <line num="6" count="6" type="stmt"/>
        <line num="7" count="6" type="stmt"/>
        <line num="8" count="6" type="stmt"/>
        <line num="10" count="6" type="stmt"/>
      </file>
      <file name="parsers.js" path="D:\js\frontend-project-46-1\src\parsers.js">
        <metrics statements="8" coveredstatements="7" conditionals="6" coveredconditionals="4" methods="1" coveredmethods="1"/>
        <line num="5" count="1" type="stmt"/>
        <line num="6" count="12" type="stmt"/>
        <line num="7" count="12" type="stmt"/>
        <line num="9" count="12" type="cond" truecount="2" falsecount="0"/>
        <line num="10" count="6" type="stmt"/>
        <line num="12" count="6" type="cond" truecount="2" falsecount="2"/>
        <line num="13" count="6" type="stmt"/>
        <line num="16" count="0" type="stmt"/>
      </file>
    </package>
    <package name="src.formatters">
      <metrics statements="38" coveredstatements="36" conditionals="27" coveredconditionals="23" methods="11" coveredmethods="11"/>
      <file name="formatters.js" path="D:\js\frontend-project-46-1\src\formatters\formatters.js">
        <metrics statements="5" coveredstatements="4" conditionals="2" coveredconditionals="1" methods="1" coveredmethods="1"/>
        <line num="5" count="1" type="stmt"/>
        <line num="7" count="1" type="stmt"/>
        <line num="8" count="1" type="cond" truecount="1" falsecount="1"/>
        <line num="9" count="1" type="stmt"/>
        <line num="11" count="0" type="stmt"/>
      </file>
      <file name="json.js" path="D:\js\frontend-project-46-1\src\formatters\json.js">
        <metrics statements="1" coveredstatements="1" conditionals="0" coveredconditionals="0" methods="1" coveredmethods="1"/>
        <line num="1" count="2" type="stmt"/>
      </file>
      <file name="plain.js" path="D:\js\frontend-project-46-1\src\formatters\plain.js">
        <metrics statements="15" coveredstatements="14" conditionals="14" coveredconditionals="12" methods="4" coveredmethods="4"/>
        <line num="3" count="1" type="stmt"/>
        <line num="4" count="10" type="cond" truecount="2" falsecount="0"/>
        <line num="5" count="6" type="cond" truecount="1" falsecount="1"/>
        <line num="6" count="6" type="cond" truecount="2" falsecount="0"/>
        <line num="7" count="2" type="stmt"/>
        <line num="10" count="1" type="cond" truecount="1" falsecount="0"/>
        <line num="11" count="10" type="stmt"/>
        <line num="12" count="36" type="stmt"/>
        <line num="14" count="30" type="cond" truecount="2" falsecount="0"/>
        <line num="15" count="30" type="cond" truecount="4" falsecount="1"/>
        <line num="17" count="10" type="stmt"/>
        <line num="19" count="4" type="stmt"/>
        <line num="21" count="0" type="stmt"/>
        <line num="23" count="8" type="stmt"/>
        <line num="25" count="8" type="stmt"/>
      </file>
      <file name="stylish.js" path="D:\js\frontend-project-46-1\src\formatters\stylish.js">
        <metrics statements="17" coveredstatements="17" conditionals="11" coveredconditionals="10" methods="5" coveredmethods="5"/>
        <line num="1" count="1" type="stmt"/>
        <line num="2" count="1" type="stmt"/>
        <line num="4" count="84" type="stmt"/>
        <line num="6" count="1" type="cond" truecount="0" falsecount="1"/>
        <line num="7" count="54" type="cond" truecount="4" falsecount="0"/>
        <line num="8" count="14" type="stmt"/>
        <line num="9" count="18" type="stmt"/>
        <line num="11" count="14" type="stmt"/>
        <line num="14" count="1" type="cond" truecount="1" falsecount="0"/>
        <line num="15" count="10" type="stmt"/>
        <line num="16" count="36" type="cond" truecount="5" falsecount="0"/>
        <line num="18" count="10" type="stmt"/>
        <line num="20" count="4" type="stmt"/>
        <line num="22" count="8" type="stmt"/>
        <line num="27" count="8" type="stmt"/>
        <line num="29" count="6" type="stmt"/>
        <line num="33" count="10" type="stmt"/>
      </file>
    </package>
  </project>
</coverage>
