{"D:\\js\\frontend-project-46-1\\src\\buildDiff.js": {"path":"D:\\js\\frontend-project-46-1\\src\\buildDiff.js","statementMap":{"0":{"start":{"line":3,"column":18},"end":{"line":33,"column":1}},"1":{"start":{"line":4,"column":27},"end":{"line":4,"column":82}},"2":{"start":{"line":5,"column":20},"end":{"line":31,"column":4}},"3":{"start":{"line":6,"column":19},"end":{"line":6,"column":28}},"4":{"start":{"line":7,"column":19},"end":{"line":7,"column":28}},"5":{"start":{"line":9,"column":4},"end":{"line":11,"column":5}},"6":{"start":{"line":10,"column":6},"end":{"line":10,"column":51}},"7":{"start":{"line":13,"column":4},"end":{"line":15,"column":5}},"8":{"start":{"line":14,"column":6},"end":{"line":14,"column":53}},"9":{"start":{"line":17,"column":4},"end":{"line":19,"column":5}},"10":{"start":{"line":18,"column":6},"end":{"line":18,"column":55}},"11":{"start":{"line":21,"column":4},"end":{"line":23,"column":5}},"12":{"start":{"line":22,"column":6},"end":{"line":22,"column":76}},"13":{"start":{"line":24,"column":4},"end":{"line":30,"column":6}},"14":{"start":{"line":32,"column":2},"end":{"line":32,"column":19}}},"fnMap":{"0":{"name":"(anonymous_0)","decl":{"start":{"line":3,"column":18},"end":{"line":3,"column":19}},"loc":{"start":{"line":3,"column":34},"end":{"line":33,"column":1}},"line":3},"1":{"name":"(anonymous_1)","decl":{"start":{"line":5,"column":41},"end":{"line":5,"column":42}},"loc":{"start":{"line":5,"column":50},"end":{"line":31,"column":3}},"line":5}},"branchMap":{"0":{"loc":{"start":{"line":9,"column":4},"end":{"line":11,"column":5}},"type":"if","locations":[{"start":{"line":9,"column":4},"end":{"line":11,"column":5}},{"start":{},"end":{}}],"line":9},"1":{"loc":{"start":{"line":13,"column":4},"end":{"line":15,"column":5}},"type":"if","locations":[{"start":{"line":13,"column":4},"end":{"line":15,"column":5}},{"start":{},"end":{}}],"line":13},"2":{"loc":{"start":{"line":17,"column":4},"end":{"line":19,"column":5}},"type":"if","locations":[{"start":{"line":17,"column":4},"end":{"line":19,"column":5}},{"start":{},"end":{}}],"line":17},"3":{"loc":{"start":{"line":21,"column":4},"end":{"line":23,"column":5}},"type":"if","locations":[{"start":{"line":21,"column":4},"end":{"line":23,"column":5}},{"start":{},"end":{}}],"line":21},"4":{"loc":{"start":{"line":21,"column":8},"end":{"line":21,"column":58}},"type":"binary-expr","locations":[{"start":{"line":21,"column":8},"end":{"line":21,"column":31}},{"start":{"line":21,"column":35},"end":{"line":21,"column":58}}],"line":21}},"s":{"0":1,"1":30,"2":30,"3":108,"4":108,"5":108,"6":30,"7":78,"8":12,"9":66,"10":18,"11":48,"12":24,"13":24,"14":30},"f":{"0":30,"1":108},"b":{"0":[30,78],"1":[12,66],"2":[18,48],"3":[24,24],"4":[48,30]},"_coverageSchema":"1a1c01bbd47fc00a2c39e90264f33305004495a9","hash":"df51d59c377e84669b32965104fd8060846859ce"}
,"D:\\js\\frontend-project-46-1\\src\\index.js": {"path":"D:\\js\\frontend-project-46-1\\src\\index.js","statementMap":{"0":{"start":{"line":8,"column":17},"end":{"line":13,"column":1}},"1":{"start":{"line":9,"column":21},"end":{"line":9,"column":26}},"2":{"start":{"line":10,"column":23},"end":{"line":10,"column":52}},"3":{"start":{"line":11,"column":18},"end":{"line":11,"column":53}},"4":{"start":{"line":12,"column":2},"end":{"line":12,"column":17}},"5":{"start":{"line":15,"column":21},"end":{"line":15,"column":49}},"6":{"start":{"line":15,"column":31},"end":{"line":15,"column":49}},"7":{"start":{"line":17,"column":16},"end":{"line":22,"column":1}},"8":{"start":{"line":18,"column":16},"end":{"line":18,"column":71}},"9":{"start":{"line":19,"column":16},"end":{"line":19,"column":71}},"10":{"start":{"line":20,"column":19},"end":{"line":20,"column":42}},"11":{"start":{"line":21,"column":2},"end":{"line":21,"column":32}}},"fnMap":{"0":{"name":"(anonymous_0)","decl":{"start":{"line":8,"column":17},"end":{"line":8,"column":18}},"loc":{"start":{"line":8,"column":31},"end":{"line":13,"column":1}},"line":8},"1":{"name":"(anonymous_1)","decl":{"start":{"line":15,"column":21},"end":{"line":15,"column":22}},"loc":{"start":{"line":15,"column":31},"end":{"line":15,"column":49}},"line":15},"2":{"name":"(anonymous_2)","decl":{"start":{"line":17,"column":16},"end":{"line":17,"column":17}},"loc":{"start":{"line":17,"column":62},"end":{"line":22,"column":1}},"line":17}},"branchMap":{"0":{"loc":{"start":{"line":17,"column":39},"end":{"line":17,"column":57}},"type":"default-arg","locations":[{"start":{"line":17,"column":48},"end":{"line":17,"column":57}}],"line":17}},"s":{"0":1,"1":12,"2":12,"3":12,"4":12,"5":1,"6":12,"7":1,"8":6,"9":6,"10":6,"11":6},"f":{"0":12,"1":12,"2":6},"b":{"0":[0]},"_coverageSchema":"1a1c01bbd47fc00a2c39e90264f33305004495a9","hash":"0004e2ea37accc2af76e6cefe7444a2e0f38cad3"}
,"D:\\js\\frontend-project-46-1\\src\\parsers.js": {"path":"D:\\js\\frontend-project-46-1\\src\\parsers.js","statementMap":{"0":{"start":{"line":3,"column":18},"end":{"line":13,"column":1}},"1":{"start":{"line":4,"column":2},"end":{"line":12,"column":3}},"2":{"start":{"line":6,"column":6},"end":{"line":6,"column":30}},"3":{"start":{"line":9,"column":6},"end":{"line":9,"column":29}},"4":{"start":{"line":11,"column":6},"end":{"line":11,"column":67}}},"fnMap":{"0":{"name":"(anonymous_0)","decl":{"start":{"line":3,"column":18},"end":{"line":3,"column":19}},"loc":{"start":{"line":3,"column":36},"end":{"line":13,"column":1}},"line":3}},"branchMap":{"0":{"loc":{"start":{"line":4,"column":2},"end":{"line":12,"column":3}},"type":"switch","locations":[{"start":{"line":5,"column":4},"end":{"line":6,"column":30}},{"start":{"line":7,"column":4},"end":{"line":7,"column":15}},{"start":{"line":8,"column":4},"end":{"line":9,"column":29}},{"start":{"line":10,"column":4},"end":{"line":11,"column":67}}],"line":4}},"s":{"0":1,"1":12,"2":6,"3":6,"4":0},"f":{"0":12},"b":{"0":[6,6,6,0]},"_coverageSchema":"1a1c01bbd47fc00a2c39e90264f33305004495a9","hash":"3279b16fdbee8e76886382d57449e83247ee9260"}
,"D:\\js\\frontend-project-46-1\\src\\formatters\\formatters.js": {"path":"D:\\js\\frontend-project-46-1\\src\\formatters\\formatters.js","statementMap":{"0":{"start":{"line":4,"column":13},"end":{"line":15,"column":1}},"1":{"start":{"line":5,"column":2},"end":{"line":14,"column":3}},"2":{"start":{"line":7,"column":6},"end":{"line":7,"column":27}},"3":{"start":{"line":9,"column":6},"end":{"line":9,"column":25}},"4":{"start":{"line":11,"column":6},"end":{"line":11,"column":45}},"5":{"start":{"line":13,"column":6},"end":{"line":13,"column":93}}},"fnMap":{"0":{"name":"(anonymous_0)","decl":{"start":{"line":4,"column":13},"end":{"line":4,"column":14}},"loc":{"start":{"line":4,"column":31},"end":{"line":15,"column":1}},"line":4}},"branchMap":{"0":{"loc":{"start":{"line":5,"column":2},"end":{"line":14,"column":3}},"type":"switch","locations":[{"start":{"line":6,"column":4},"end":{"line":7,"column":27}},{"start":{"line":8,"column":4},"end":{"line":9,"column":25}},{"start":{"line":10,"column":4},"end":{"line":11,"column":45}},{"start":{"line":12,"column":4},"end":{"line":13,"column":93}}],"line":5}},"s":{"0":1,"1":6,"2":2,"3":2,"4":2,"5":0},"f":{"0":6},"b":{"0":[2,2,2,0]},"_coverageSchema":"1a1c01bbd47fc00a2c39e90264f33305004495a9","hash":"2d8ebee6cae4b2bab84362c5826c558aee169e1f"}
,"D:\\js\\frontend-project-46-1\\src\\formatters\\plain.js": {"path":"D:\\js\\frontend-project-46-1\\src\\formatters\\plain.js","statementMap":{"0":{"start":{"line":3,"column":18},"end":{"line":12,"column":1}},"1":{"start":{"line":4,"column":2},"end":{"line":6,"column":3}},"2":{"start":{"line":5,"column":4},"end":{"line":5,"column":29}},"3":{"start":{"line":7,"column":2},"end":{"line":9,"column":3}},"4":{"start":{"line":8,"column":4},"end":{"line":8,"column":23}},"5":{"start":{"line":11,"column":2},"end":{"line":11,"column":14}},"6":{"start":{"line":14,"column":14},"end":{"line":40,"column":1}},"7":{"start":{"line":15,"column":15},"end":{"line":38,"column":3}},"8":{"start":{"line":16,"column":19},"end":{"line":16,"column":37}},"9":{"start":{"line":17,"column":20},"end":{"line":36,"column":6}},"10":{"start":{"line":20,"column":10},"end":{"line":20,"column":14}},"11":{"start":{"line":21,"column":22},"end":{"line":21,"column":63}},"12":{"start":{"line":22,"column":6},"end":{"line":35,"column":7}},"13":{"start":{"line":24,"column":10},"end":{"line":24,"column":83}},"14":{"start":{"line":26,"column":10},"end":{"line":26,"column":53}},"15":{"start":{"line":28,"column":10},"end":{"line":28,"column":108}},"16":{"start":{"line":30,"column":10},"end":{"line":30,"column":41}},"17":{"start":{"line":32,"column":10},"end":{"line":32,"column":20}},"18":{"start":{"line":34,"column":10},"end":{"line":34,"column":105}},"19":{"start":{"line":37,"column":4},"end":{"line":37,"column":67}},"20":{"start":{"line":37,"column":36},"end":{"line":37,"column":54}},"21":{"start":{"line":39,"column":2},"end":{"line":39,"column":24}}},"fnMap":{"0":{"name":"(anonymous_0)","decl":{"start":{"line":3,"column":18},"end":{"line":3,"column":19}},"loc":{"start":{"line":3,"column":28},"end":{"line":12,"column":1}},"line":3},"1":{"name":"(anonymous_1)","decl":{"start":{"line":14,"column":14},"end":{"line":14,"column":15}},"loc":{"start":{"line":14,"column":24},"end":{"line":40,"column":1}},"line":14},"2":{"name":"(anonymous_2)","decl":{"start":{"line":15,"column":15},"end":{"line":15,"column":16}},"loc":{"start":{"line":15,"column":30},"end":{"line":38,"column":3}},"line":15},"3":{"name":"(anonymous_3)","decl":{"start":{"line":17,"column":35},"end":{"line":17,"column":36}},"loc":{"start":{"line":17,"column":45},"end":{"line":36,"column":5}},"line":17},"4":{"name":"(anonymous_4)","decl":{"start":{"line":37,"column":26},"end":{"line":37,"column":27}},"loc":{"start":{"line":37,"column":36},"end":{"line":37,"column":54}},"line":37}},"branchMap":{"0":{"loc":{"start":{"line":4,"column":2},"end":{"line":6,"column":3}},"type":"if","locations":[{"start":{"line":4,"column":2},"end":{"line":6,"column":3}},{"start":{},"end":{}}],"line":4},"1":{"loc":{"start":{"line":7,"column":2},"end":{"line":9,"column":3}},"type":"if","locations":[{"start":{"line":7,"column":2},"end":{"line":9,"column":3}},{"start":{},"end":{}}],"line":7},"2":{"loc":{"start":{"line":21,"column":22},"end":{"line":21,"column":63}},"type":"cond-expr","locations":[{"start":{"line":21,"column":36},"end":{"line":21,"column":44}},{"start":{"line":21,"column":47},"end":{"line":21,"column":63}}],"line":21},"3":{"loc":{"start":{"line":22,"column":6},"end":{"line":35,"column":7}},"type":"switch","locations":[{"start":{"line":23,"column":8},"end":{"line":24,"column":83}},{"start":{"line":25,"column":8},"end":{"line":26,"column":53}},{"start":{"line":27,"column":8},"end":{"line":28,"column":108}},{"start":{"line":29,"column":8},"end":{"line":30,"column":41}},{"start":{"line":31,"column":8},"end":{"line":32,"column":20}},{"start":{"line":33,"column":8},"end":{"line":34,"column":105}}],"line":22}},"s":{"0":1,"1":26,"2":6,"3":20,"4":14,"5":6,"6":1,"7":2,"8":10,"9":10,"10":36,"11":36,"12":36,"13":10,"14":4,"15":8,"16":8,"17":6,"18":0,"19":10,"20":30,"21":2},"f":{"0":26,"1":2,"2":10,"3":36,"4":30},"b":{"0":[6,20],"1":[14,6],"2":[8,28],"3":[10,4,8,8,6,0]},"_coverageSchema":"1a1c01bbd47fc00a2c39e90264f33305004495a9","hash":"17262e2fea2dd343af45eeaa32d5731d831ffad1"}
,"D:\\js\\frontend-project-46-1\\src\\formatters\\stylish.js": {"path":"D:\\js\\frontend-project-46-1\\src\\formatters\\stylish.js","statementMap":{"0":{"start":{"line":3,"column":17},"end":{"line":3,"column":23}},"1":{"start":{"line":5,"column":18},"end":{"line":14,"column":1}},"2":{"start":{"line":6,"column":2},"end":{"line":8,"column":3}},"3":{"start":{"line":7,"column":4},"end":{"line":7,"column":21}},"4":{"start":{"line":10,"column":26},"end":{"line":10,"column":48}},"5":{"start":{"line":11,"column":18},"end":{"line":11,"column":38}},"6":{"start":{"line":12,"column":18},"end":{"line":12,"column":111}},"7":{"start":{"line":12,"column":48},"end":{"line":12,"column":110}},"8":{"start":{"line":13,"column":2},"end":{"line":13,"column":57}},"9":{"start":{"line":16,"column":16},"end":{"line":41,"column":1}},"10":{"start":{"line":17,"column":15},"end":{"line":39,"column":3}},"11":{"start":{"line":18,"column":28},"end":{"line":18,"column":50}},"12":{"start":{"line":19,"column":19},"end":{"line":37,"column":6}},"13":{"start":{"line":22,"column":10},"end":{"line":22,"column":14}},"14":{"start":{"line":23,"column":6},"end":{"line":36,"column":7}},"15":{"start":{"line":25,"column":10},"end":{"line":25,"column":80}},"16":{"start":{"line":27,"column":10},"end":{"line":27,"column":80}},"17":{"start":{"line":29,"column":10},"end":{"line":29,"column":80}},"18":{"start":{"line":31,"column":10},"end":{"line":31,"column":148}},"19":{"start":{"line":33,"column":10},"end":{"line":33,"column":78}},"20":{"start":{"line":35,"column":10},"end":{"line":35,"column":105}},"21":{"start":{"line":38,"column":4},"end":{"line":38,"column":58}},"22":{"start":{"line":40,"column":2},"end":{"line":40,"column":23}}},"fnMap":{"0":{"name":"(anonymous_0)","decl":{"start":{"line":5,"column":18},"end":{"line":5,"column":19}},"loc":{"start":{"line":5,"column":35},"end":{"line":14,"column":1}},"line":5},"1":{"name":"(anonymous_1)","decl":{"start":{"line":12,"column":30},"end":{"line":12,"column":31}},"loc":{"start":{"line":12,"column":48},"end":{"line":12,"column":110}},"line":12},"2":{"name":"(anonymous_2)","decl":{"start":{"line":16,"column":16},"end":{"line":16,"column":17}},"loc":{"start":{"line":16,"column":26},"end":{"line":41,"column":1}},"line":16},"3":{"name":"(anonymous_3)","decl":{"start":{"line":17,"column":15},"end":{"line":17,"column":16}},"loc":{"start":{"line":17,"column":31},"end":{"line":39,"column":3}},"line":17},"4":{"name":"(anonymous_4)","decl":{"start":{"line":19,"column":31},"end":{"line":19,"column":32}},"loc":{"start":{"line":19,"column":41},"end":{"line":37,"column":5}},"line":19}},"branchMap":{"0":{"loc":{"start":{"line":6,"column":2},"end":{"line":8,"column":3}},"type":"if","locations":[{"start":{"line":6,"column":2},"end":{"line":8,"column":3}},{"start":{},"end":{}}],"line":6},"1":{"loc":{"start":{"line":23,"column":6},"end":{"line":36,"column":7}},"type":"switch","locations":[{"start":{"line":24,"column":8},"end":{"line":25,"column":80}},{"start":{"line":26,"column":8},"end":{"line":27,"column":80}},{"start":{"line":28,"column":8},"end":{"line":29,"column":80}},{"start":{"line":30,"column":8},"end":{"line":31,"column":148}},{"start":{"line":32,"column":8},"end":{"line":33,"column":78}},{"start":{"line":34,"column":8},"end":{"line":35,"column":105}}],"line":23}},"s":{"0":1,"1":1,"2":54,"3":40,"4":14,"5":14,"6":14,"7":18,"8":14,"9":1,"10":2,"11":10,"12":10,"13":36,"14":36,"15":10,"16":4,"17":6,"18":8,"19":8,"20":0,"21":10,"22":2},"f":{"0":54,"1":18,"2":2,"3":10,"4":36},"b":{"0":[40,14],"1":[10,4,6,8,8,0]},"_coverageSchema":"1a1c01bbd47fc00a2c39e90264f33305004495a9","hash":"9014fa35667621e62d369c71c2719e1449b3507b"}
}
