{"D:\\js\\frontend-project-46-1\\src\\buildDiff.js": {"path":"D:\\js\\frontend-project-46-1\\src\\buildDiff.js","statementMap":{"0":{"start":{"line":3,"column":18},"end":{"line":17,"column":1}},"1":{"start":{"line":4,"column":15},"end":{"line":4,"column":70}},"2":{"start":{"line":6,"column":2},"end":{"line":16,"column":5}},"3":{"start":{"line":7,"column":4},"end":{"line":7,"column":75}},"4":{"start":{"line":7,"column":27},"end":{"line":7,"column":75}},"5":{"start":{"line":8,"column":4},"end":{"line":8,"column":77}},"6":{"start":{"line":8,"column":27},"end":{"line":8,"column":77}},"7":{"start":{"line":9,"column":4},"end":{"line":11,"column":5}},"8":{"start":{"line":10,"column":6},"end":{"line":10,"column":80}},"9":{"start":{"line":12,"column":4},"end":{"line":14,"column":5}},"10":{"start":{"line":13,"column":6},"end":{"line":13,"column":80}},"11":{"start":{"line":15,"column":4},"end":{"line":15,"column":56}}},"fnMap":{"0":{"name":"(anonymous_0)","decl":{"start":{"line":3,"column":18},"end":{"line":3,"column":19}},"loc":{"start":{"line":3,"column":34},"end":{"line":17,"column":1}},"line":3},"1":{"name":"(anonymous_1)","decl":{"start":{"line":6,"column":18},"end":{"line":6,"column":19}},"loc":{"start":{"line":6,"column":27},"end":{"line":16,"column":3}},"line":6}},"branchMap":{"0":{"loc":{"start":{"line":7,"column":4},"end":{"line":7,"column":75}},"type":"if","locations":[{"start":{"line":7,"column":4},"end":{"line":7,"column":75}},{"start":{},"end":{}}],"line":7},"1":{"loc":{"start":{"line":8,"column":4},"end":{"line":8,"column":77}},"type":"if","locations":[{"start":{"line":8,"column":4},"end":{"line":8,"column":77}},{"start":{},"end":{}}],"line":8},"2":{"loc":{"start":{"line":9,"column":4},"end":{"line":11,"column":5}},"type":"if","locations":[{"start":{"line":9,"column":4},"end":{"line":11,"column":5}},{"start":{},"end":{}}],"line":9},"3":{"loc":{"start":{"line":9,"column":8},"end":{"line":9,"column":64}},"type":"binary-expr","locations":[{"start":{"line":9,"column":8},"end":{"line":9,"column":34}},{"start":{"line":9,"column":38},"end":{"line":9,"column":64}}],"line":9},"4":{"loc":{"start":{"line":12,"column":4},"end":{"line":14,"column":5}},"type":"if","locations":[{"start":{"line":12,"column":4},"end":{"line":14,"column":5}},{"start":{},"end":{}}],"line":12}},"s":{"0":1,"1":30,"2":30,"3":108,"4":30,"5":78,"6":12,"7":66,"8":24,"9":42,"10":24,"11":18},"f":{"0":30,"1":108},"b":{"0":[30,78],"1":[12,66],"2":[24,42],"3":[66,30],"4":[24,18]},"_coverageSchema":"1a1c01bbd47fc00a2c39e90264f33305004495a9","hash":"bf483814b04ac120507014f24b861283e2c76de0"}
,"D:\\js\\frontend-project-46-1\\src\\index.js": {"path":"D:\\js\\frontend-project-46-1\\src\\index.js","statementMap":{"0":{"start":{"line":5,"column":16},"end":{"line":11,"column":1}},"1":{"start":{"line":6,"column":18},"end":{"line":6,"column":34}},"2":{"start":{"line":7,"column":18},"end":{"line":7,"column":34}},"3":{"start":{"line":8,"column":17},"end":{"line":8,"column":40}},"4":{"start":{"line":10,"column":4},"end":{"line":10,"column":36}}},"fnMap":{"0":{"name":"(anonymous_0)","decl":{"start":{"line":5,"column":16},"end":{"line":5,"column":17}},"loc":{"start":{"line":5,"column":62},"end":{"line":11,"column":1}},"line":5}},"branchMap":{"0":{"loc":{"start":{"line":5,"column":39},"end":{"line":5,"column":57}},"type":"default-arg","locations":[{"start":{"line":5,"column":48},"end":{"line":5,"column":57}}],"line":5}},"s":{"0":1,"1":6,"2":6,"3":6,"4":6},"f":{"0":6},"b":{"0":[2]},"_coverageSchema":"1a1c01bbd47fc00a2c39e90264f33305004495a9","hash":"b55c35d36efa5a55bec3893a0ee718ef1d09b838"}
,"D:\\js\\frontend-project-46-1\\src\\parsers.js": {"path":"D:\\js\\frontend-project-46-1\\src\\parsers.js","statementMap":{"0":{"start":{"line":5,"column":21},"end":{"line":17,"column":1}},"1":{"start":{"line":6,"column":14},"end":{"line":6,"column":45}},"2":{"start":{"line":7,"column":15},"end":{"line":7,"column":49}},"3":{"start":{"line":9,"column":2},"end":{"line":11,"column":3}},"4":{"start":{"line":10,"column":4},"end":{"line":10,"column":28}},"5":{"start":{"line":12,"column":2},"end":{"line":14,"column":3}},"6":{"start":{"line":13,"column":4},"end":{"line":13,"column":27}},"7":{"start":{"line":16,"column":2},"end":{"line":16,"column":53}}},"fnMap":{"0":{"name":"(anonymous_0)","decl":{"start":{"line":5,"column":21},"end":{"line":5,"column":22}},"loc":{"start":{"line":5,"column":35},"end":{"line":17,"column":1}},"line":5}},"branchMap":{"0":{"loc":{"start":{"line":9,"column":2},"end":{"line":11,"column":3}},"type":"if","locations":[{"start":{"line":9,"column":2},"end":{"line":11,"column":3}},{"start":{},"end":{}}],"line":9},"1":{"loc":{"start":{"line":12,"column":2},"end":{"line":14,"column":3}},"type":"if","locations":[{"start":{"line":12,"column":2},"end":{"line":14,"column":3}},{"start":{},"end":{}}],"line":12},"2":{"loc":{"start":{"line":12,"column":6},"end":{"line":12,"column":37}},"type":"binary-expr","locations":[{"start":{"line":12,"column":6},"end":{"line":12,"column":19}},{"start":{"line":12,"column":23},"end":{"line":12,"column":37}}],"line":12}},"s":{"0":1,"1":12,"2":12,"3":12,"4":6,"5":6,"6":6,"7":0},"f":{"0":12},"b":{"0":[6,6],"1":[6,0],"2":[6,0]},"_coverageSchema":"1a1c01bbd47fc00a2c39e90264f33305004495a9","hash":"ff6980a77efb0226a431e1a137b3545f1630848e"}
,"D:\\js\\frontend-project-46-1\\src\\formatters\\formatters.js": {"path":"D:\\js\\frontend-project-46-1\\src\\formatters\\formatters.js","statementMap":{"0":{"start":{"line":5,"column":19},"end":{"line":5,"column":43}},"1":{"start":{"line":7,"column":26},"end":{"line":12,"column":1}},"2":{"start":{"line":8,"column":4},"end":{"line":10,"column":5}},"3":{"start":{"line":9,"column":8},"end":{"line":9,"column":53}},"4":{"start":{"line":11,"column":4},"end":{"line":11,"column":36}}},"fnMap":{"0":{"name":"(anonymous_0)","decl":{"start":{"line":7,"column":26},"end":{"line":7,"column":27}},"loc":{"start":{"line":7,"column":44},"end":{"line":12,"column":1}},"line":7}},"branchMap":{"0":{"loc":{"start":{"line":8,"column":4},"end":{"line":10,"column":5}},"type":"if","locations":[{"start":{"line":8,"column":4},"end":{"line":10,"column":5}},{"start":{},"end":{}}],"line":8}},"s":{"0":1,"1":1,"2":1,"3":1,"4":0},"f":{"0":1},"b":{"0":[1,0]},"_coverageSchema":"1a1c01bbd47fc00a2c39e90264f33305004495a9","hash":"cbeb3c3a4eb3bfb10b14f2fca21ffe01e3982764"}
,"D:\\js\\frontend-project-46-1\\src\\formatters\\json.js": {"path":"D:\\js\\frontend-project-46-1\\src\\formatters\\json.js","statementMap":{"0":{"start":{"line":1,"column":13},"end":{"line":1,"column":52}},"1":{"start":{"line":1,"column":23},"end":{"line":1,"column":52}}},"fnMap":{"0":{"name":"(anonymous_0)","decl":{"start":{"line":1,"column":13},"end":{"line":1,"column":14}},"loc":{"start":{"line":1,"column":23},"end":{"line":1,"column":52}},"line":1}},"branchMap":{},"s":{"0":1,"1":2},"f":{"0":2},"b":{},"_coverageSchema":"1a1c01bbd47fc00a2c39e90264f33305004495a9","hash":"e96041caa2f4de602ba2b56d662101ceed3a262f"}
,"D:\\js\\frontend-project-46-1\\src\\formatters\\plain.js": {"path":"D:\\js\\frontend-project-46-1\\src\\formatters\\plain.js","statementMap":{"0":{"start":{"line":3,"column":20},"end":{"line":8,"column":1}},"1":{"start":{"line":4,"column":4},"end":{"line":4,"column":52}},"2":{"start":{"line":4,"column":27},"end":{"line":4,"column":52}},"3":{"start":{"line":5,"column":4},"end":{"line":5,"column":38}},"4":{"start":{"line":5,"column":24},"end":{"line":5,"column":38}},"5":{"start":{"line":6,"column":4},"end":{"line":6,"column":53}},"6":{"start":{"line":6,"column":35},"end":{"line":6,"column":53}},"7":{"start":{"line":7,"column":4},"end":{"line":7,"column":25}},"8":{"start":{"line":10,"column":14},"end":{"line":30,"column":1}},"9":{"start":{"line":11,"column":4},"end":{"line":29,"column":19}},"10":{"start":{"line":12,"column":30},"end":{"line":12,"column":50}},"11":{"start":{"line":14,"column":29},"end":{"line":14,"column":58}},"12":{"start":{"line":15,"column":12},"end":{"line":26,"column":13}},"13":{"start":{"line":17,"column":20},"end":{"line":17,"column":96}},"14":{"start":{"line":19,"column":20},"end":{"line":19,"column":64}},"15":{"start":{"line":21,"column":20},"end":{"line":21,"column":123}},"16":{"start":{"line":23,"column":20},"end":{"line":23,"column":53}},"17":{"start":{"line":25,"column":20},"end":{"line":25,"column":32}}},"fnMap":{"0":{"name":"(anonymous_0)","decl":{"start":{"line":3,"column":20},"end":{"line":3,"column":21}},"loc":{"start":{"line":3,"column":31},"end":{"line":8,"column":1}},"line":3},"1":{"name":"(anonymous_1)","decl":{"start":{"line":10,"column":14},"end":{"line":10,"column":15}},"loc":{"start":{"line":10,"column":35},"end":{"line":30,"column":1}},"line":10},"2":{"name":"(anonymous_2)","decl":{"start":{"line":12,"column":16},"end":{"line":12,"column":17}},"loc":{"start":{"line":12,"column":30},"end":{"line":12,"column":50}},"line":12},"3":{"name":"(anonymous_3)","decl":{"start":{"line":13,"column":13},"end":{"line":13,"column":14}},"loc":{"start":{"line":13,"column":69},"end":{"line":27,"column":9}},"line":13}},"branchMap":{"0":{"loc":{"start":{"line":4,"column":4},"end":{"line":4,"column":52}},"type":"if","locations":[{"start":{"line":4,"column":4},"end":{"line":4,"column":52}},{"start":{},"end":{}}],"line":4},"1":{"loc":{"start":{"line":5,"column":4},"end":{"line":5,"column":38}},"type":"if","locations":[{"start":{"line":5,"column":4},"end":{"line":5,"column":38}},{"start":{},"end":{}}],"line":5},"2":{"loc":{"start":{"line":6,"column":4},"end":{"line":6,"column":53}},"type":"if","locations":[{"start":{"line":6,"column":4},"end":{"line":6,"column":53}},{"start":{},"end":{}}],"line":6},"3":{"loc":{"start":{"line":10,"column":21},"end":{"line":10,"column":30}},"type":"default-arg","locations":[{"start":{"line":10,"column":28},"end":{"line":10,"column":30}}],"line":10},"4":{"loc":{"start":{"line":14,"column":29},"end":{"line":14,"column":58}},"type":"cond-expr","locations":[{"start":{"line":14,"column":36},"end":{"line":14,"column":52}},{"start":{"line":14,"column":55},"end":{"line":14,"column":58}}],"line":14},"5":{"loc":{"start":{"line":15,"column":12},"end":{"line":26,"column":13}},"type":"switch","locations":[{"start":{"line":16,"column":16},"end":{"line":17,"column":96}},{"start":{"line":18,"column":16},"end":{"line":19,"column":64}},{"start":{"line":20,"column":16},"end":{"line":21,"column":123}},{"start":{"line":22,"column":16},"end":{"line":23,"column":53}},{"start":{"line":24,"column":16},"end":{"line":25,"column":32}}],"line":15}},"s":{"0":1,"1":10,"2":4,"3":6,"4":0,"5":6,"6":4,"7":2,"8":1,"9":10,"10":36,"11":30,"12":30,"13":10,"14":4,"15":0,"16":8,"17":8},"f":{"0":10,"1":10,"2":36,"3":30},"b":{"0":[4,6],"1":[0,6],"2":[4,2],"3":[2],"4":[22,8],"5":[10,4,0,8,8]},"_coverageSchema":"1a1c01bbd47fc00a2c39e90264f33305004495a9","hash":"d5b582876542affe2e45293b4056805cf6ee0d43"}
,"D:\\js\\frontend-project-46-1\\src\\formatters\\stylish.js": {"path":"D:\\js\\frontend-project-46-1\\src\\formatters\\stylish.js","statementMap":{"0":{"start":{"line":1,"column":20},"end":{"line":1,"column":21}},"1":{"start":{"line":2,"column":15},"end":{"line":2,"column":16}},"2":{"start":{"line":4,"column":15},"end":{"line":4,"column":66}},"3":{"start":{"line":4,"column":26},"end":{"line":4,"column":66}},"4":{"start":{"line":6,"column":18},"end":{"line":12,"column":1}},"5":{"start":{"line":7,"column":2},"end":{"line":7,"column":72}},"6":{"start":{"line":7,"column":51},"end":{"line":7,"column":72}},"7":{"start":{"line":8,"column":18},"end":{"line":10,"column":15}},"8":{"start":{"line":9,"column":25},"end":{"line":9,"column":85}},"9":{"start":{"line":11,"column":2},"end":{"line":11,"column":46}},"10":{"start":{"line":14,"column":16},"end":{"line":34,"column":1}},"11":{"start":{"line":15,"column":21},"end":{"line":31,"column":3}},"12":{"start":{"line":16,"column":4},"end":{"line":30,"column":5}},"13":{"start":{"line":18,"column":8},"end":{"line":18,"column":80}},"14":{"start":{"line":20,"column":8},"end":{"line":20,"column":80}},"15":{"start":{"line":22,"column":8},"end":{"line":25,"column":21}},"16":{"start":{"line":27,"column":8},"end":{"line":27,"column":109}},"17":{"start":{"line":29,"column":8},"end":{"line":29,"column":80}},"18":{"start":{"line":33,"column":2},"end":{"line":33,"column":41}}},"fnMap":{"0":{"name":"(anonymous_0)","decl":{"start":{"line":4,"column":15},"end":{"line":4,"column":16}},"loc":{"start":{"line":4,"column":26},"end":{"line":4,"column":66}},"line":4},"1":{"name":"(anonymous_1)","decl":{"start":{"line":6,"column":18},"end":{"line":6,"column":19}},"loc":{"start":{"line":6,"column":40},"end":{"line":12,"column":1}},"line":6},"2":{"name":"(anonymous_2)","decl":{"start":{"line":9,"column":9},"end":{"line":9,"column":10}},"loc":{"start":{"line":9,"column":25},"end":{"line":9,"column":85}},"line":9},"3":{"name":"(anonymous_3)","decl":{"start":{"line":14,"column":16},"end":{"line":14,"column":17}},"loc":{"start":{"line":14,"column":37},"end":{"line":34,"column":1}},"line":14},"4":{"name":"(anonymous_4)","decl":{"start":{"line":15,"column":21},"end":{"line":15,"column":22}},"loc":{"start":{"line":15,"column":31},"end":{"line":31,"column":3}},"line":15}},"branchMap":{"0":{"loc":{"start":{"line":6,"column":26},"end":{"line":6,"column":35}},"type":"default-arg","locations":[{"start":{"line":6,"column":34},"end":{"line":6,"column":35}}],"line":6},"1":{"loc":{"start":{"line":7,"column":2},"end":{"line":7,"column":72}},"type":"if","locations":[{"start":{"line":7,"column":2},"end":{"line":7,"column":72}},{"start":{},"end":{}}],"line":7},"2":{"loc":{"start":{"line":7,"column":6},"end":{"line":7,"column":49}},"type":"binary-expr","locations":[{"start":{"line":7,"column":6},"end":{"line":7,"column":31}},{"start":{"line":7,"column":35},"end":{"line":7,"column":49}}],"line":7},"3":{"loc":{"start":{"line":14,"column":23},"end":{"line":14,"column":32}},"type":"default-arg","locations":[{"start":{"line":14,"column":31},"end":{"line":14,"column":32}}],"line":14},"4":{"loc":{"start":{"line":16,"column":4},"end":{"line":30,"column":5}},"type":"switch","locations":[{"start":{"line":17,"column":6},"end":{"line":18,"column":80}},{"start":{"line":19,"column":6},"end":{"line":20,"column":80}},{"start":{"line":21,"column":6},"end":{"line":25,"column":21}},{"start":{"line":26,"column":6},"end":{"line":27,"column":109}},{"start":{"line":28,"column":6},"end":{"line":29,"column":80}}],"line":16}},"s":{"0":1,"1":1,"2":1,"3":84,"4":1,"5":54,"6":40,"7":14,"8":18,"9":14,"10":1,"11":10,"12":36,"13":10,"14":4,"15":8,"16":8,"17":6,"18":10},"f":{"0":84,"1":54,"2":18,"3":10,"4":36},"b":{"0":[0],"1":[40,14],"2":[54,16],"3":[2],"4":[10,4,8,8,6]},"_coverageSchema":"1a1c01bbd47fc00a2c39e90264f33305004495a9","hash":"128db38f924d7f9f3f0b935056360c2d46d7c164"}
}
