TN:
SF:src\buildDiff.js
FN:3,(anonymous_0)
FN:5,(anonymous_1)
FNF:2
FNH:2
FNDA:30,(anonymous_0)
FNDA:108,(anonymous_1)
DA:3,1
DA:4,30
DA:5,30
DA:6,108
DA:7,108
DA:9,108
DA:10,30
DA:13,78
DA:14,12
DA:17,66
DA:18,18
DA:21,48
DA:22,24
DA:24,24
DA:31,30
LF:15
LH:15
BRDA:9,0,0,30
BRDA:9,0,1,78
BRDA:13,1,0,12
BRDA:13,1,1,66
BRDA:17,2,0,18
BRDA:17,2,1,48
BRDA:21,3,0,24
BRDA:21,3,1,24
BRDA:21,4,0,48
BRDA:21,4,1,30
BRF:10
BRH:10
end_of_record
TN:
SF:src\index.js
FN:8,(anonymous_0)
FN:15,(anonymous_1)
FN:17,(anonymous_2)
FNF:3
FNH:3
FNDA:12,(anonymous_0)
FNDA:12,(anonymous_1)
FNDA:6,(anonymous_2)
DA:8,1
DA:9,12
DA:10,12
DA:11,12
DA:12,12
DA:15,12
DA:17,1
DA:18,6
DA:19,6
DA:20,6
DA:21,6
LF:11
LH:11
BRDA:17,0,0,2
BRF:1
BRH:1
end_of_record
TN:
SF:src\parsers.js
FN:3,(anonymous_0)
FNF:1
FNH:1
FNDA:12,(anonymous_0)
DA:3,1
DA:4,12
DA:6,6
DA:9,6
DA:11,0
LF:5
LH:4
BRDA:4,0,0,6
BRDA:4,0,1,6
BRDA:4,0,2,6
BRDA:4,0,3,0
BRF:4
BRH:3
end_of_record
TN:
SF:src\formatters\formatters.js
FN:4,(anonymous_0)
FNF:1
FNH:1
FNDA:6,(anonymous_0)
DA:4,1
DA:5,6
DA:7,2
DA:9,2
DA:11,2
DA:13,0
LF:6
LH:5
BRDA:5,0,0,2
BRDA:5,0,1,2
BRDA:5,0,2,2
BRDA:5,0,3,0
BRF:4
BRH:3
end_of_record
TN:
SF:src\formatters\plain.js
FN:3,(anonymous_0)
FN:15,(anonymous_1)
FN:16,(anonymous_2)
FN:18,(anonymous_3)
FN:38,(anonymous_4)
FNF:5
FNH:5
FNDA:26,(anonymous_0)
FNDA:2,(anonymous_1)
FNDA:10,(anonymous_2)
FNDA:36,(anonymous_3)
FNDA:30,(anonymous_4)
DA:3,1
DA:4,26
DA:5,6
DA:8,20
DA:9,14
DA:12,6
DA:15,1
DA:16,2
DA:17,10
DA:18,10
DA:21,36
DA:22,36
DA:23,36
DA:25,10
DA:27,4
DA:29,8
DA:31,8
DA:33,6
DA:35,0
DA:38,30
DA:40,2
LF:21
LH:20
BRDA:4,0,0,6
BRDA:4,0,1,20
BRDA:8,1,0,14
BRDA:8,1,1,6
BRDA:22,2,0,8
BRDA:22,2,1,28
BRDA:23,3,0,10
BRDA:23,3,1,4
BRDA:23,3,2,8
BRDA:23,3,3,8
BRDA:23,3,4,6
BRDA:23,3,5,0
BRF:12
BRH:11
end_of_record
TN:
SF:src\formatters\stylish.js
FN:5,(anonymous_0)
FN:12,(anonymous_1)
FN:16,(anonymous_2)
FN:17,(anonymous_3)
FN:19,(anonymous_4)
FNF:5
FNH:5
FNDA:54,(anonymous_0)
FNDA:18,(anonymous_1)
FNDA:2,(anonymous_2)
FNDA:10,(anonymous_3)
FNDA:36,(anonymous_4)
DA:3,1
DA:5,1
DA:6,54
DA:7,40
DA:10,14
DA:11,14
DA:12,18
DA:13,14
DA:16,1
DA:17,2
DA:18,10
DA:19,10
DA:22,36
DA:23,36
DA:25,10
DA:27,4
DA:29,6
DA:31,8
DA:33,8
DA:35,0
DA:38,10
DA:40,2
LF:22
LH:21
BRDA:6,0,0,40
BRDA:6,0,1,14
BRDA:23,1,0,10
BRDA:23,1,1,4
BRDA:23,1,2,6
BRDA:23,1,3,8
BRDA:23,1,4,8
BRDA:23,1,5,0
BRF:8
BRH:7
end_of_record
